 
================================== 
INICIO TEST: dom. 17/05/2026 10:49:38,15 
================================== 
◇ injected env (2) from .env // tip: ⌘ override existing { override: true }

Running 8 tests using 1 worker

◇ injected env (0) from .env // tip: ⌁ auth for agents [www.vestauth.com]
Errores de consola detectados: 0

Recursos con 404: 0
  ok 1 [chromium] › tests\smoke-precios.spec.js:76:3 › 🔥 Smoke Test — Validación de precios pipe.store › El sitio carga sin errores críticos (5.3s)

📋 Página: Home — 14 precios encontrados
  ✅ AR$ 489.999,00
  ✅ AR$ 413.599,00
  ✅ AR$ 439.999,00
  ✅ AR$ 783.199,00
  ✅ AR$ 755.555,00
  ✅ AR$ 565.713,00
  ✅ AR$ 1.083.332,00
  ✅ AR$ 259.999,00
  ✅ AR$ 1.099.999,00
  ✅ AR$ 651.199,00
  ✅ AR$ 633.599,00
  ✅ AR$ 925.299,00
  ✅ AR$ 823.332,00
  ✅ AR$ 729.999,00
  ok 2 [chromium] › tests\smoke-precios.spec.js:115:5 › 🔥 Smoke Test — Validación de precios pipe.store › Precios correctos en: Home (/) (5.2s)

📋 Página: Televisores — 6 precios encontrados
  ✅ AR$ 4.899.999,00
  ✅ AR$ 565.713,00
  ✅ AR$ 1.516.666,00
  ✅ AR$ 1.083.332,00
  ✅ AR$ 259.999,00
  ✅ AR$ 413.599,00
  ok 3 [chromium] › tests\smoke-precios.spec.js:115:5 › 🔥 Smoke Test — Validación de precios pipe.store › Precios correctos en: Televisores (/categories/60983488-fd4d-44a3-a790-e3c243fabbc0) (4.8s)

📋 Página: Lavado — 10 precios encontrados
  ✅ AR$ 999.999,00
  ✅ AR$ 1.099.999,00
  ✅ AR$ 479.999,00
  ✅ AR$ 762.519,00
  ✅ AR$ 619.799,00
  ✅ AR$ 651.199,00
  ✅ AR$ 629.199,00
  ✅ AR$ 439.999,00
  ✅ AR$ 633.599,00
  ✅ AR$ 615.999,00
  ok 4 [chromium] › tests\smoke-precios.spec.js:115:5 › 🔥 Smoke Test — Validación de precios pipe.store › Precios correctos en: Lavado (/categories/74845a0b-1bab-4812-b7f0-9ff20b68dc5b) (4.6s)

📋 Página: Heladeras — 5 precios encontrados
  ✅ AR$ 729.999,00
  ✅ AR$ 771.428,00
  ✅ AR$ 823.332,00
  ✅ AR$ 925.299,00
  ✅ AR$ 783.199,00
  ok 5 [chromium] › tests\smoke-precios.spec.js:115:5 › 🔥 Smoke Test — Validación de precios pipe.store › Precios correctos en: Heladeras (/categories/62560f36-70a1-4c1a-9dc3-2ddd69626ce6) (4.5s)

📋 Página: Aire Acondicionado — 4 precios encontrados
  ✅ AR$ 675.999,00
  ✅ AR$ 695.199,00
  ✅ AR$ 755.555,00
  ✅ AR$ 684.444,00
  ok 6 [chromium] › tests\smoke-precios.spec.js:115:5 › 🔥 Smoke Test — Validación de precios pipe.store › Precios correctos en: Aire Acondicionado (/categories/19a4181e-e6ae-4d45-8723-41b5f661d48d) (4.6s)

📦 Testeando detalle de producto: https://pipe.store/
Precios encontrados: 14 | Válidos: 14 | Inválidos: 0
  ok 7 [chromium] › tests\smoke-precios.spec.js:188:3 › 🔥 Smoke Test — Validación de precios pipe.store › Precio correcto en página de detalle de producto (5.3s)
  ok 8 [chromium] › tests\smoke-precios.spec.js:241:3 › 🔥 Smoke Test — Validación de precios pipe.store › No hay precios con overflow (bug conocido de producción) (4.3s)

  8 passed (40.0s)

To open last HTML report run:
[36m[39m
[36m  npx playwright show-report[39m
[36m[39m
================================== 
FIN TEST: dom. 17/05/2026 10:49:38,15 
================================== 
 
================================== 
INICIO TEST: dom. 17/05/2026 10:53:15,02 
================================== 
◇ injected env (2) from .env // tip: ⌘ override existing { override: true }

Running 8 tests using 1 worker

◇ injected env (0) from .env // tip: ⌁ auth for agents [www.vestauth.com]
Errores de consola detectados: 0

Recursos con 404: 0
  ok 1 [chromium] › tests\smoke-precios.spec.js:76:3 › 🔥 Smoke Test — Validación de precios pipe.store › El sitio carga sin errores críticos (4.9s)

📋 Página: Home — 14 precios encontrados
  ✅ AR$ 489.999,00
  ✅ AR$ 413.599,00
  ✅ AR$ 439.999,00
  ✅ AR$ 783.199,00
  ✅ AR$ 755.555,00
  ✅ AR$ 565.713,00
  ✅ AR$ 1.083.332,00
  ✅ AR$ 259.999,00
  ✅ AR$ 1.099.999,00
  ✅ AR$ 651.199,00
  ✅ AR$ 633.599,00
  ✅ AR$ 925.299,00
  ✅ AR$ 823.332,00
  ✅ AR$ 729.999,00
  ok 2 [chromium] › tests\smoke-precios.spec.js:115:5 › 🔥 Smoke Test — Validación de precios pipe.store › Precios correctos en: Home (/) (4.7s)

📋 Página: Televisores — 6 precios encontrados
  ✅ AR$ 4.899.999,00
  ✅ AR$ 565.713,00
  ✅ AR$ 1.516.666,00
  ✅ AR$ 1.083.332,00
  ✅ AR$ 259.999,00
  ✅ AR$ 413.599,00
  ok 3 [chromium] › tests\smoke-precios.spec.js:115:5 › 🔥 Smoke Test — Validación de precios pipe.store › Precios correctos en: Televisores (/categories/60983488-fd4d-44a3-a790-e3c243fabbc0) (4.6s)

📋 Página: Lavado — 10 precios encontrados
  ✅ AR$ 999.999,00
  ✅ AR$ 1.099.999,00
  ✅ AR$ 479.999,00
  ✅ AR$ 762.519,00
  ✅ AR$ 619.799,00
  ✅ AR$ 651.199,00
  ✅ AR$ 629.199,00
  ✅ AR$ 439.999,00
  ✅ AR$ 633.599,00
  ✅ AR$ 615.999,00
  ok 4 [chromium] › tests\smoke-precios.spec.js:115:5 › 🔥 Smoke Test — Validación de precios pipe.store › Precios correctos en: Lavado (/categories/74845a0b-1bab-4812-b7f0-9ff20b68dc5b) (4.5s)

📋 Página: Heladeras — 5 precios encontrados
  ✅ AR$ 729.999,00
  ✅ AR$ 771.428,00
  ✅ AR$ 823.332,00
  ✅ AR$ 925.299,00
  ✅ AR$ 783.199,00
  ok 5 [chromium] › tests\smoke-precios.spec.js:115:5 › 🔥 Smoke Test — Validación de precios pipe.store › Precios correctos en: Heladeras (/categories/62560f36-70a1-4c1a-9dc3-2ddd69626ce6) (4.7s)

📋 Página: Aire Acondicionado — 4 precios encontrados
  ✅ AR$ 675.999,00
  ✅ AR$ 695.199,00
  ✅ AR$ 755.555,00
  ✅ AR$ 684.444,00
  ok 6 [chromium] › tests\smoke-precios.spec.js:115:5 › 🔥 Smoke Test — Validación de precios pipe.store › Precios correctos en: Aire Acondicionado (/categories/19a4181e-e6ae-4d45-8723-41b5f661d48d) (4.6s)

📦 Testeando detalle de producto: https://pipe.store/
Precios encontrados: 14 | Válidos: 14 | Inválidos: 0
  ok 7 [chromium] › tests\smoke-precios.spec.js:188:3 › 🔥 Smoke Test — Validación de precios pipe.store › Precio correcto en página de detalle de producto (5.2s)
  ok 8 [chromium] › tests\smoke-precios.spec.js:241:3 › 🔥 Smoke Test — Validación de precios pipe.store › No hay precios con overflow (bug conocido de producción) (4.2s)

  8 passed (38.7s)

To open last HTML report run:
[36m[39m
[36m  npx playwright show-report[39m
[36m[39m
================================== 
FIN TEST: dom. 17/05/2026 10:53:15,02 
================================== 
